<?xml version="1.0" encoding="UTF-8"?>
<!-- Generated by org.testng.reporters.JUnitReportReporter -->
<testsuite hostname="ctsjava2022" failures="0" tests="2" name="Airflow_controller_sensor_data.Sites" time="1.834" errors="0" timestamp="2022-11-29T15:14:33 IST" skipped="0">
  <testcase classname="Airflow_controller_sensor_data.Sites" name="getDataReceivedStatus" time="1.809"/>
  <system-out/>
  <testcase classname="Airflow_controller_sensor_data.Sites" name="testingDataStreamResponse" time="0.025"/>
  <system-out/>
</testsuite> <!-- Airflow_controller_sensor_data.Sites -->
