<?xml version="1.0" encoding="UTF-8"?>
<!-- Generated by org.testng.reporters.JUnitReportReporter -->
<testsuite hostname="ctsjava2022" failures="0" tests="1" name="Airflow_controller_sensor_data.RandomValue" time="23.489" errors="0" timestamp="2022-11-29T15:48:18 IST" skipped="0">
  <testcase classname="Airflow_controller_sensor_data.RandomValue" name="postData" time="23.489"/>
  <system-out/>
</testsuite> <!-- Airflow_controller_sensor_data.RandomValue -->
