<?xml version="1.0" encoding="UTF-8"?>
<!-- Generated by org.testng.reporters.JUnitReportReporter -->
<testsuite hostname="ctsjava2022" failures="0" tests="2" name="Airflow_controller_sensorPlot.SitesPlot" time="1.609" errors="0" timestamp="2022-11-29T15:43:43 IST" skipped="0">
  <testcase classname="Airflow_controller_sensorPlot.SitesPlot" name="testingDataStreamResponse" time="0.026"/>
  <system-out/>
  <testcase classname="Airflow_controller_sensorPlot.SitesPlot" name="getDataReceivedStatus" time="1.583"/>
  <system-out/>
</testsuite> <!-- Airflow_controller_sensorPlot.SitesPlot -->
