<?xml version="1.0" encoding="UTF-8"?>
<!-- Generated by org.testng.reporters.JUnitReportReporter -->
<testsuite hostname="ctsjava2022" failures="0" tests="1" name="Airflow_controller_sensorPlot.RandomPlot" time="9.219" errors="0" timestamp="2022-11-29T15:44:18 IST" skipped="0">
  <testcase classname="Airflow_controller_sensorPlot.RandomPlot" name="postData" time="9.219"/>
  <system-out/>
</testsuite> <!-- Airflow_controller_sensorPlot.RandomPlot -->
